<?xml version="1.0" encoding="UTF-8"?>
<coverage generated="1644220201123" clover="3.2.0">
  <project timestamp="1644220201123" name="All files">
    <metrics statements="5" coveredstatements="4" conditionals="0" coveredconditionals="0" methods="1" coveredmethods="1" elements="6" coveredelements="5" complexity="0" loc="5" ncloc="5" packages="1" files="1" classes="1"/>
    <file name="SSOAPITests.js" path="D:\.purr\repo\tach\Capstone-Project\UnitTests\SSOAPITests.js">
      <metrics statements="5" coveredstatements="4" conditionals="0" coveredconditionals="0" methods="1" coveredmethods="1"/>
      <line num="1" count="1" type="stmt"/>
      <line num="5" count="1" type="stmt"/>
      <line num="12" count="1" type="stmt"/>
      <line num="13" count="0" type="stmt"/>
      <line num="16" count="1" type="stmt"/>
    </file>
  </project>
</coverage>
