{"D:\\.purr\\repo\\tach\\Capstone-Project\\UnitTests\\SSOAPITests.js": {"path":"D:\\.purr\\repo\\tach\\Capstone-Project\\UnitTests\\SSOAPITests.js","statementMap":{"0":{"start":{"line":1,"column":14},"end":{"line":1,"column":30}},"1":{"start":{"line":5,"column":17},"end":{"line":11,"column":5}},"2":{"start":{"line":12,"column":17},"end":{"line":12,"column":74}},"3":{"start":{"line":13,"column":4},"end":{"line":13,"column":18}},"4":{"start":{"line":16,"column":0},"end":{"line":16,"column":33}}},"fnMap":{"0":{"name":"testRegistration","decl":{"start":{"line":4,"column":15},"end":{"line":4,"column":31}},"loc":{"start":{"line":4,"column":33},"end":{"line":14,"column":1}},"line":4}},"branchMap":{},"s":{"0":1,"1":1,"2":1,"3":0,"4":1},"f":{"0":1},"b":{},"_coverageSchema":"1a1c01bbd47fc00a2c39e90264f33305004495a9","hash":"fa3dda14ca5b97c80131b401ab009d2ce39f8c38"}
}
